<?xml version="1.0" encoding="UTF-8"?>
<!-- Generated by org.testng.reporters.JUnitReportReporter -->
<testsuite hostname="MDTR18" name="example.NewTest" tests="1" failures="0" timestamp="4 Jul 2019 09:31:30 GMT" time="8.480" errors="0">
  <testcase name="f" time="8.480" classname="example.NewTest"/>
</testsuite> <!-- example.NewTest -->
